/u/home/yaox/Matthias/drl_grasping
i6-gpu-1
Tue Sep 10 10:04:24 UTC 2024
[1;30mapptainer exec --bind /dev/input:/dev/input --env LD_LIBRARY_PATH=/usr/local/cuda/lib64: --bind /etc/localtime:/etc/localtime:ro --bind /u/home/yaox/Matthias/drl_grasping_training_docker:/root/drl_grasping_training --bind /tmp/.ignition:/root/.ignition --bind /tmp/.pcg:/root/.pcg --bind /tmp/.ros:/root/.ros --bind /tmp/.rviz2:/root/.rviz2 --bind /tmp/.config/matplotlib:/root/.config/matplotlib --bind /tmp/.cache/matplotlib:/root/.cache/matplotlib --bind /u/home/yaox/Matthias/drl_grasping/visualizations:/root/visualizations --bind /u/home/yaox/Matthias/drl_grasping/scripts:/root/ws/src/drl_grasping/scripts --bind /u/home/yaox/Matthias/drl_grasping/launch:/root/ws/src/drl_grasping/launch --bind /u/home/yaox/Matthias/drl_grasping/examples:/root/ws/src/drl_grasping/examples --bind /u/home/yaox/Matthias/drl_grasping/hyperparams:/root/ws/src/drl_grasping/hyperparams --bind /u/home/yaox/Matthias/drl_grasping/rviz:/root/ws/src/drl_grasping/rviz --bind /u/home/yaox/Matthias/drl_grasping/drl_grasping:/root/ws/src/drl_grasping/drl_grasping /u/home/yaox/Matthias/drl_grasping_apptainer.sif ./.docker/apptainer_commands.bash[0m
Tue Sep 10 10:04:25 2024       
+---------------------------------------------------------------------------------------+
| NVIDIA-SMI 530.41.03              Driver Version: 530.41.03    CUDA Version: 12.1     |
|-----------------------------------------+----------------------+----------------------+
| GPU  Name                  Persistence-M| Bus-Id        Disp.A | Volatile Uncorr. ECC |
| Fan  Temp  Perf            Pwr:Usage/Cap|         Memory-Usage | GPU-Util  Compute M. |
|                                         |                      |               MIG M. |
|=========================================+======================+======================|
|   0  NVIDIA RTX A5000                Off| 00000000:05:00.0 Off |                  Off |
| 30%   51C    P2              144W / 230W|   9667MiB / 24564MiB |     18%      Default |
|                                         |                      |                  N/A |
+-----------------------------------------+----------------------+----------------------+
|   1  NVIDIA RTX A5000                Off| 00000000:06:00.0 Off |                  Off |
| 30%   50C    P2               91W / 230W|   9987MiB / 24564MiB |    100%      Default |
|                                         |                      |                  N/A |
+-----------------------------------------+----------------------+----------------------+
|   2  NVIDIA RTX A5000                Off| 00000000:45:00.0 Off |                  Off |
| 30%   33C    P8               25W / 230W|      1MiB / 24564MiB |      0%      Default |
|                                         |                      |                  N/A |
+-----------------------------------------+----------------------+----------------------+
|   3  NVIDIA RTX A5000                Off| 00000000:46:00.0 Off |                  Off |
| 30%   33C    P8               17W / 230W|      1MiB / 24564MiB |      0%      Default |
|                                         |                      |                  N/A |
+-----------------------------------------+----------------------+----------------------+
|   4  NVIDIA RTX A5000                Off| 00000000:85:00.0 Off |                  Off |
| 30%   25C    P8               22W / 230W|      1MiB / 24564MiB |      0%      Default |
|                                         |                      |                  N/A |
+-----------------------------------------+----------------------+----------------------+
|   5  NVIDIA RTX A5000                Off| 00000000:86:00.0 Off |                  Off |
| 30%   24C    P8               19W / 230W|      1MiB / 24564MiB |      0%      Default |
|                                         |                      |                  N/A |
+-----------------------------------------+----------------------+----------------------+
|   6  NVIDIA RTX A5000                Off| 00000000:C5:00.0 Off |                  Off |
| 30%   24C    P8               21W / 230W|      1MiB / 24564MiB |      0%      Default |
|                                         |                      |                  N/A |
+-----------------------------------------+----------------------+----------------------+
|   7  NVIDIA RTX A5000                Off| 00000000:C6:00.0 Off |                  Off |
| 30%   24C    P8               23W / 230W|      1MiB / 24564MiB |      0%      Default |
|                                         |                      |                  N/A |
+-----------------------------------------+----------------------+----------------------+
                                                                                         
+---------------------------------------------------------------------------------------+
| Processes:                                                                            |
|  GPU   GI   CI        PID   Type   Process name                            GPU Memory |
|        ID   ID                                                             Usage      |
|=======================================================================================|
|    0   N/A  N/A   2533137      C   ...jio/miniconda3/envs/rgbx/bin/python     9664MiB |
|    1   N/A  N/A   2533138      C   ...jio/miniconda3/envs/rgbx/bin/python     9984MiB |
+---------------------------------------------------------------------------------------+
