/u/home/yaox/Matthias/drl_grasping
i6-gpu-1
Tue Sep 10 10:19:12 UTC 2024
CUSTOM VOLUMES: 

CUSTOM ENVS: 

Your system uses glibc newer than 2.31 which is used inside the container. Implementing --nv switch via a workaround. Let's hope it works!
[1;30mapptainer exec -B /lib/x86_64-linux-gnu/libcuda.so -B /lib/x86_64-linux-gnu/libcuda.so.1 -B /lib/x86_64-linux-gnu/libEGL_nvidia.so.0 -B /lib/x86_64-linux-gnu/libGLESv1_CM_nvidia.so.1 -B /lib/x86_64-linux-gnu/libGLESv1_CM.so -B /lib/x86_64-linux-gnu/libGLESv1_CM.so.1 -B /lib/x86_64-linux-gnu/libGLESv2_nvidia.so.2 -B /lib/x86_64-linux-gnu/libGLESv2.so.2 -B /lib/x86_64-linux-gnu/libGLESv2.so -B /lib/x86_64-linux-gnu/libGLX_nvidia.so.0 -B /lib/x86_64-linux-gnu/libnvcuvid.so -B /lib/x86_64-linux-gnu/libnvcuvid.so.1 -B /lib/x86_64-linux-gnu/libnvidia-cfg.so -B /lib/x86_64-linux-gnu/libnvidia-cfg.so.1 -B /lib/x86_64-linux-gnu/libnvidia-compiler.so.530.41.03 -B /lib/x86_64-linux-gnu/libnvidia-eglcore.so.530.41.03 -B /lib/x86_64-linux-gnu/libnvidia-encode.so.1 -B /lib/x86_64-linux-gnu/libnvidia-encode.so -B /lib/x86_64-linux-gnu/libnvidia-fbc.so -B /lib/x86_64-linux-gnu/libnvidia-fbc.so.1 -B /lib/x86_64-linux-gnu/libnvidia-glcore.so.530.41.03 -B /lib/x86_64-linux-gnu/libnvidia-glsi.so.530.41.03 -B /lib/x86_64-linux-gnu/libnvidia-glvkspirv.so.530.41.03 -B /lib/libnvidia-gtk2.so.510.47.03 -B /lib/libnvidia-gtk3.so.510.47.03 -B /lib/x86_64-linux-gnu/libnvidia-ml.so.1 -B /lib/x86_64-linux-gnu/libnvidia-ml.so -B /lib/x86_64-linux-gnu/libnvidia-opencl.so.1 -B /lib/x86_64-linux-gnu/libnvidia-opticalflow.so.1 -B /lib/x86_64-linux-gnu/libnvidia-opticalflow.so -B /lib/x86_64-linux-gnu/libnvidia-ptxjitcompiler.so.1 -B /lib/x86_64-linux-gnu/libnvidia-ptxjitcompiler.so -B /lib/x86_64-linux-gnu/libnvidia-rtcore.so.530.41.03 -B /lib/x86_64-linux-gnu/libnvidia-tls.so.530.41.03 -B /lib/x86_64-linux-gnu/libnvoptix.so.1 -B /usr/share/glvnd/egl_vendor.d/10_nvidia.json --bind /etc/localtime:/etc/localtime:ro --bind /u/home/yaox/Matthias/drl_grasping_training_docker:/root/drl_grasping_training --bind /tmp/.ignition:/root/.ignition --bind /tmp/.pcg:/root/.pcg --bind /tmp/.ros:/root/.ros --bind /tmp/.rviz2:/root/.rviz2 --bind /tmp/.config/matplotlib:/root/.config/matplotlib --bind /tmp/.cache/matplotlib:/root/.cache/matplotlib --bind /u/home/yaox/Matthias/drl_grasping/visualizations:/root/visualizations --bind /u/home/yaox/Matthias/drl_grasping/scripts:/root/ws/src/drl_grasping/scripts --bind /u/home/yaox/Matthias/drl_grasping/launch:/root/ws/src/drl_grasping/launch --bind /u/home/yaox/Matthias/drl_grasping/examples:/root/ws/src/drl_grasping/examples --bind /u/home/yaox/Matthias/drl_grasping/hyperparams:/root/ws/src/drl_grasping/hyperparams --bind /u/home/yaox/Matthias/drl_grasping/rviz:/root/ws/src/drl_grasping/rviz --bind /u/home/yaox/Matthias/drl_grasping/drl_grasping:/root/ws/src/drl_grasping/drl_grasping /u/home/yaox/Matthias/drl_grasping_apptainer.sif ./.docker/apptainer_commands.bash[0m
INFO:    underlay of /usr/lib/libnvidia-gtk2.so.510.47.03 required more than 50 (65) bind mounts
INFO:    underlay of /usr/lib/x86_64-linux-gnu/libnvcuvid.so required more than 50 (1432) bind mounts
Tue Sep 10 10:19:14 2024       
+---------------------------------------------------------------------------------------+
| NVIDIA-SMI 530.41.03              Driver Version: 530.41.03    CUDA Version: 12.1     |
|-----------------------------------------+----------------------+----------------------+
| GPU  Name                  Persistence-M| Bus-Id        Disp.A | Volatile Uncorr. ECC |
| Fan  Temp  Perf            Pwr:Usage/Cap|         Memory-Usage | GPU-Util  Compute M. |
|                                         |                      |               MIG M. |
|=========================================+======================+======================|
|   0  NVIDIA RTX A5000                Off| 00000000:05:00.0 Off |                  Off |
| 30%   54C    P2              132W / 230W|  17629MiB / 24564MiB |     13%      Default |
|                                         |                      |                  N/A |
+-----------------------------------------+----------------------+----------------------+
|   1  NVIDIA RTX A5000                Off| 00000000:06:00.0 Off |                  Off |
| 41%   68C    P2              130W / 230W|  17653MiB / 24564MiB |      1%      Default |
|                                         |                      |                  N/A |
+-----------------------------------------+----------------------+----------------------+
|   2  NVIDIA RTX A5000                Off| 00000000:45:00.0 Off |                  Off |
| 30%   33C    P8               25W / 230W|      1MiB / 24564MiB |      0%      Default |
|                                         |                      |                  N/A |
+-----------------------------------------+----------------------+----------------------+
|   3  NVIDIA RTX A5000                Off| 00000000:46:00.0 Off |                  Off |
| 30%   33C    P8               17W / 230W|      1MiB / 24564MiB |      0%      Default |
|                                         |                      |                  N/A |
+-----------------------------------------+----------------------+----------------------+
|   4  NVIDIA RTX A5000                Off| 00000000:85:00.0 Off |                  Off |
| 30%   25C    P8               23W / 230W|      1MiB / 24564MiB |      0%      Default |
|                                         |                      |                  N/A |
+-----------------------------------------+----------------------+----------------------+
|   5  NVIDIA RTX A5000                Off| 00000000:86:00.0 Off |                  Off |
| 30%   24C    P8               19W / 230W|      1MiB / 24564MiB |      0%      Default |
|                                         |                      |                  N/A |
+-----------------------------------------+----------------------+----------------------+
|   6  NVIDIA RTX A5000                Off| 00000000:C5:00.0 Off |                  Off |
| 30%   24C    P8               21W / 230W|      1MiB / 24564MiB |      0%      Default |
|                                         |                      |                  N/A |
+-----------------------------------------+----------------------+----------------------+
|   7  NVIDIA RTX A5000                Off| 00000000:C6:00.0 Off |                  Off |
| 30%   24C    P8               23W / 230W|      1MiB / 24564MiB |      0%      Default |
|                                         |                      |                  N/A |
+-----------------------------------------+----------------------+----------------------+
                                                                                         
+---------------------------------------------------------------------------------------+
| Processes:                                                                            |
|  GPU   GI   CI        PID   Type   Process name                            GPU Memory |
|        ID   ID                                                             Usage      |
|=======================================================================================|
|    0   N/A  N/A   2533137      C   ...jio/miniconda3/envs/rgbx/bin/python    17626MiB |
|    1   N/A  N/A   2533138      C   ...jio/miniconda3/envs/rgbx/bin/python    17650MiB |
+---------------------------------------------------------------------------------------+
