/u/home/yaox/Matthias/drl_grasping
i6-gpu-1
Tue Sep 10 10:05:08 UTC 2024
[1;30mapptainer exec --bind /dev/input:/dev/input --env LD_LIBRARY_PATH=/usr/local/cuda/lib64: --bind /etc/localtime:/etc/localtime:ro --bind /u/home/yaox/Matthias/drl_grasping_training_docker:/root/drl_grasping_training --bind /tmp/.ignition:/root/.ignition --bind /tmp/.pcg:/root/.pcg --bind /tmp/.ros:/root/.ros --bind /tmp/.rviz2:/root/.rviz2 --bind /tmp/.config/matplotlib:/root/.config/matplotlib --bind /tmp/.cache/matplotlib:/root/.cache/matplotlib --bind /u/home/yaox/Matthias/drl_grasping/visualizations:/root/visualizations --bind /u/home/yaox/Matthias/drl_grasping/scripts:/root/ws/src/drl_grasping/scripts --bind /u/home/yaox/Matthias/drl_grasping/launch:/root/ws/src/drl_grasping/launch --bind /u/home/yaox/Matthias/drl_grasping/examples:/root/ws/src/drl_grasping/examples --bind /u/home/yaox/Matthias/drl_grasping/hyperparams:/root/ws/src/drl_grasping/hyperparams --bind /u/home/yaox/Matthias/drl_grasping/rviz:/root/ws/src/drl_grasping/rviz --bind /u/home/yaox/Matthias/drl_grasping/drl_grasping:/root/ws/src/drl_grasping/drl_grasping /u/home/yaox/Matthias/drl_grasping_apptainer.sif ./.docker/apptainer_commands.bash[0m
Tue Sep 10 10:05:09 2024       
+---------------------------------------------------------------------------------------+
| NVIDIA-SMI 530.41.03              Driver Version: 530.41.03    CUDA Version: 12.1     |
|-----------------------------------------+----------------------+----------------------+
| GPU  Name                  Persistence-M| Bus-Id        Disp.A | Volatile Uncorr. ECC |
| Fan  Temp  Perf            Pwr:Usage/Cap|         Memory-Usage | GPU-Util  Compute M. |
|                                         |                      |               MIG M. |
|=========================================+======================+======================|
|   0  NVIDIA RTX A5000                Off| 00000000:05:00.0 Off |                  Off |
| 30%   54C    P2              112W / 230W|   9671MiB / 24564MiB |     81%      Default |
|                                         |                      |                  N/A |
+-----------------------------------------+----------------------+----------------------+
|   1  NVIDIA RTX A5000                Off| 00000000:06:00.0 Off |                  Off |
| 30%   50C    P2               92W / 230W|   9987MiB / 24564MiB |    100%      Default |
|                                         |                      |                  N/A |
+-----------------------------------------+----------------------+----------------------+
|   2  NVIDIA RTX A5000                Off| 00000000:45:00.0 Off |                  Off |
| 30%   34C    P8               25W / 230W|      1MiB / 24564MiB |      0%      Default |
|                                         |                      |                  N/A |
+-----------------------------------------+----------------------+----------------------+
|   3  NVIDIA RTX A5000                Off| 00000000:46:00.0 Off |                  Off |
| 30%   34C    P8               17W / 230W|      1MiB / 24564MiB |      0%      Default |
|                                         |                      |                  N/A |
+-----------------------------------------+----------------------+----------------------+
|   4  NVIDIA RTX A5000                Off| 00000000:85:00.0 Off |                  Off |
| 30%   25C    P8               22W / 230W|      1MiB / 24564MiB |      0%      Default |
|                                         |                      |                  N/A |
+-----------------------------------------+----------------------+----------------------+
|   5  NVIDIA RTX A5000                Off| 00000000:86:00.0 Off |                  Off |
| 30%   24C    P8               19W / 230W|      1MiB / 24564MiB |      0%      Default |
|                                         |                      |                  N/A |
+-----------------------------------------+----------------------+----------------------+
|   6  NVIDIA RTX A5000                Off| 00000000:C5:00.0 Off |                  Off |
| 30%   24C    P8               21W / 230W|      1MiB / 24564MiB |      0%      Default |
|                                         |                      |                  N/A |
+-----------------------------------------+----------------------+----------------------+
|   7  NVIDIA RTX A5000                Off| 00000000:C6:00.0 Off |                  Off |
| 30%   24C    P8               23W / 230W|      1MiB / 24564MiB |      0%      Default |
|                                         |                      |                  N/A |
+-----------------------------------------+----------------------+----------------------+
                                                                                         
+---------------------------------------------------------------------------------------+
| Processes:                                                                            |
|  GPU   GI   CI        PID   Type   Process name                            GPU Memory |
|        ID   ID                                                             Usage      |
|=======================================================================================|
|    0   N/A  N/A   2533137      C   ...jio/miniconda3/envs/rgbx/bin/python     9668MiB |
|    1   N/A  N/A   2533138      C   ...jio/miniconda3/envs/rgbx/bin/python     9984MiB |
+---------------------------------------------------------------------------------------+
[1;30mros2 launch -a drl_grasping random_agent.launch.py seed:=42 robot_model:=lunalab_summit_xl_gen env:=GraspPlanetary-PointNetWithIntensity-Gazebo-v0 check_env:=false render:=false enable_rviz:=false log_level:=warn[0m
[INFO] [launch]: All log files can be found below /root/.ros/log/2024-09-10-10-05-12-312674-i6-gpu-1-2988161
[INFO] [launch]: Default logging verbosity is set to INFO
[INFO] [launch.user]: Bridge enabled between [ROS 2] /clock and [IGN] /world/drl_grasping_world/clock
[INFO] [launch.user]: Bridge enabled between [ROS 2] /tf and [IGN] /model/lunalab_summit_xl_gen/pose
[INFO] [launch.user]: Bridge enabled between [ROS 2] /lunalab_summit_xl_gen/cmd_vel and [IGN] /model/lunalab_summit_xl_gen/cmd_vel
[INFO] [launch.user]: Configuring drl_grasping for Ignition Gazebo world drl_grasping_world
	Robot model: lunalab_summit_xl_gen
	Prefix: robot_
[INFO] [robot_state_publisher-1]: process started with pid [2988172]
[INFO] [move_group-2]: process started with pid [2988174]
[INFO] [servo_node_main-3]: process started with pid [2988176]
[INFO] [spawner-4]: process started with pid [2988178]
[INFO] [spawner-5]: process started with pid [2988180]
[INFO] [spawner-6]: process started with pid [2988183]
[INFO] [static_transform_publisher-7]: process started with pid [2988194]
[INFO] [parameter_bridge-8]: process started with pid [2988198]
[INFO] [parameter_bridge-9]: process started with pid [2988201]
[INFO] [parameter_bridge-10]: process started with pid [2988210]
[INFO] [random_agent.py-11]: process started with pid [2988214]
[robot_state_publisher-1] Link robot_summit_xl_base_link had 5 children
[robot_state_publisher-1] Link robot_j2s7s300_link_base had 1 children
[robot_state_publisher-1] Link robot_j2s7s300_link_1 had 1 children
[robot_state_publisher-1] Link robot_j2s7s300_link_2 had 1 children
[robot_state_publisher-1] Link robot_j2s7s300_link_3 had 1 children
[robot_state_publisher-1] Link robot_j2s7s300_link_4 had 1 children
[robot_state_publisher-1] Link robot_j2s7s300_link_5 had 1 children
[robot_state_publisher-1] Link robot_j2s7s300_link_6 had 1 children
[robot_state_publisher-1] Link robot_j2s7s300_link_7 had 4 children
[robot_state_publisher-1] Link robot_j2s7s300_end_effector had 0 children
[robot_state_publisher-1] Link robot_j2s7s300_link_finger_1 had 1 children
[robot_state_publisher-1] Link robot_j2s7s300_link_finger_tip_1 had 0 children
[robot_state_publisher-1] Link robot_j2s7s300_link_finger_2 had 1 children
[robot_state_publisher-1] Link robot_j2s7s300_link_finger_tip_2 had 0 children
[robot_state_publisher-1] Link robot_j2s7s300_link_finger_3 had 1 children
[robot_state_publisher-1] Link robot_j2s7s300_link_finger_tip_3 had 0 children
[robot_state_publisher-1] Link robot_summit_xl_back_left_wheel had 0 children
[robot_state_publisher-1] Link robot_summit_xl_back_right_wheel had 0 children
[robot_state_publisher-1] Link robot_summit_xl_front_left_wheel had 0 children
[robot_state_publisher-1] Link robot_summit_xl_front_right_wheel had 0 children
[servo_node_main-3] [WARN] [1725962715.353628231] [moveit_servo.servo_node]: Intra-process communication is disabled, consider enabling it by adding: 
[servo_node_main-3] extra_arguments=[{'use_intra_process_comms' : True}]
[servo_node_main-3] to the Servo composable node in the launch file
[move_group-2] Link robot_summit_xl_base_link had 5 children
[move_group-2] Link robot_j2s7s300_link_base had 1 children
[move_group-2] Link robot_j2s7s300_link_1 had 1 children
[move_group-2] Link robot_j2s7s300_link_2 had 1 children
[move_group-2] Link robot_j2s7s300_link_3 had 1 children
[move_group-2] Link robot_j2s7s300_link_4 had 1 children
[move_group-2] Link robot_j2s7s300_link_5 had 1 children
[move_group-2] Link robot_j2s7s300_link_6 had 1 children
[move_group-2] Link robot_j2s7s300_link_7 had 4 children
[move_group-2] Link robot_j2s7s300_end_effector had 0 children
[move_group-2] Link robot_j2s7s300_link_finger_1 had 1 children
[move_group-2] Link robot_j2s7s300_link_finger_tip_1 had 0 children
[move_group-2] Link robot_j2s7s300_link_finger_2 had 1 children
[move_group-2] Link robot_j2s7s300_link_finger_tip_2 had 0 children
[move_group-2] Link robot_j2s7s300_link_finger_3 had 1 children
[move_group-2] Link robot_j2s7s300_link_finger_tip_3 had 0 children
[move_group-2] Link robot_summit_xl_back_left_wheel had 0 children
[move_group-2] Link robot_summit_xl_back_right_wheel had 0 children
[move_group-2] Link robot_summit_xl_front_left_wheel had 0 children
[move_group-2] Link robot_summit_xl_front_right_wheel had 0 children
[servo_node_main-3] Link robot_summit_xl_base_link had 5 children
[servo_node_main-3] Link robot_j2s7s300_link_base had 1 children
[servo_node_main-3] Link robot_j2s7s300_link_1 had 1 children
[servo_node_main-3] Link robot_j2s7s300_link_2 had 1 children
[servo_node_main-3] Link robot_j2s7s300_link_3 had 1 children
[servo_node_main-3] Link robot_j2s7s300_link_4 had 1 children
[servo_node_main-3] Link robot_j2s7s300_link_5 had 1 children
[servo_node_main-3] Link robot_j2s7s300_link_6 had 1 children
[servo_node_main-3] Link robot_j2s7s300_link_7 had 4 children
[servo_node_main-3] Link robot_j2s7s300_end_effector had 0 children
[servo_node_main-3] Link robot_j2s7s300_link_finger_1 had 1 children
[servo_node_main-3] Link robot_j2s7s300_link_finger_tip_1 had 0 children
[servo_node_main-3] Link robot_j2s7s300_link_finger_2 had 1 children
[servo_node_main-3] Link robot_j2s7s300_link_finger_tip_2 had 0 children
[servo_node_main-3] Link robot_j2s7s300_link_finger_3 had 1 children
[servo_node_main-3] Link robot_j2s7s300_link_finger_tip_3 had 0 children
[servo_node_main-3] Link robot_summit_xl_back_left_wheel had 0 children
[servo_node_main-3] Link robot_summit_xl_back_right_wheel had 0 children
[servo_node_main-3] Link robot_summit_xl_front_left_wheel had 0 children
[servo_node_main-3] Link robot_summit_xl_front_right_wheel had 0 children
[move_group-2] [WARN] [1725962715.755371240] [moveit.ros.occupancy_map_monitor.middleware_handle]: Resolution not specified for Octomap. Assuming resolution = 0.1 instead
[move_group-2] [ERROR] [1725962715.756840122] [moveit.ros.occupancy_map_monitor.middleware_handle]: No 3D sensor plugin(s) defined for octomap updates
[move_group-2] [96mLoading 'move_group/ApplyPlanningSceneService'...
[move_group-2] [0m[96mLoading 'move_group/ClearOctomapService'...
[move_group-2] [0m[96mLoading 'move_group/MoveGroupCartesianPathService'...
[move_group-2] [0m[96mLoading 'move_group/MoveGroupExecuteTrajectoryAction'...
[move_group-2] [0m[96mLoading 'move_group/MoveGroupGetPlanningSceneService'...
[move_group-2] [0m[96mLoading 'move_group/MoveGroupKinematicsService'...
[move_group-2] [0m[96mLoading 'move_group/MoveGroupMoveAction'...
[move_group-2] [0m[96mLoading 'move_group/MoveGroupPlanService'...
[move_group-2] [0m[96mLoading 'move_group/MoveGroupQueryPlannersService'...
[move_group-2] [0m[96mLoading 'move_group/MoveGroupStateValidationService'...
[move_group-2] [0m[92m
[move_group-2] You can start planning now!
[move_group-2] 
[random_agent.py-11] Traceback (most recent call last):
[random_agent.py-11]   File "/root/ws/install/lib/drl_grasping/random_agent.py", line 9, in <module>
[random_agent.py-11]     from drl_grasping import envs as drl_grasping_envs
[random_agent.py-11]   File "/root/ws/install/lib/python3.8/site-packages/drl_grasping/envs/__init__.py", line 2, in <module>
[random_agent.py-11]     import open3d  # isort:skip
[random_agent.py-11]   File "/usr/local/lib/python3.8/dist-packages/open3d/__init__.py", line 56, in <module>
[random_agent.py-11]     _CDLL(str(next((_Path(__file__).parent / 'cpu').glob('pybind*'))))
[random_agent.py-11]   File "/usr/lib/python3.8/ctypes/__init__.py", line 373, in __init__
[random_agent.py-11]     self._handle = _dlopen(self._name, mode)
[random_agent.py-11] OSError: /usr/lib/x86_64-linux-gnu/libc.so.6: version `GLIBC_2.34' not found (required by /.singularity.d/libs/libGLdispatch.so.0)
[ERROR] [random_agent.py-11]: process has died [pid 2988214, exit code 1, cmd '/root/ws/install/lib/drl_grasping/random_agent.py --env GraspPlanetary-PointNetWithIntensity-Gazebo-v0 --env-kwargs robot_model:"lunalab_summit_xl_gen" --env-kwargs robot_model:"lunalab_summit_xl_gen" --n-episodes 1000 --seed 42 --check-env false --render false --ros-args --log-level warn --ros-args --params-file /tmp/launch_params_05znbmcd'].
slurmstepd-i6-gpu-1: error: *** JOB 7241 ON i6-gpu-1 CANCELLED AT 2024-09-10T10:05:51 ***
INFO:    Cleanup error: while unmounting /var/lib/apptainer/mnt/session/underlay/opt directory: device or resource busy, while unmounting /var/lib/apptainer/mnt/session/final directory: device or resource busy
